C51 COMPILER V9.54   DELAY                                                                 11/17/2019 13:31:48 PAGE 1   


C51 COMPILER V9.54, COMPILATION OF MODULE DELAY
OBJECT MODULE PLACED IN ..\Output\delay.obj
COMPILER INVOKED BY: D:\Keil_v5\C51\BIN\C51.EXE delay\delay.c LARGE OPTIMIZE(8,SPEED) BROWSE INCDIR(.\GSM;.\Ultrasonic;.
                    -\XY-V17B;.\DS18B20;.\uart;.\delay;.\LED;.\BH1750) DEBUG OBJECTEXTEND PRINT(..\Listing\delay.lst) OBJECT(..\Output\delay.
                    -obj)

line level    source

   1          #include        "delay.h"
   2          #include   <intrins.h>
   3          //========================================================================
   4          // 函数: void  delay_ms
   5          // 描述: 延时函数。
   6          // 参数: ms,要延时的ms数, 这里只支持20*256ms.
   7          // 返回: none.
   8          // 版本: VER1.0
   9          // 日期: 2013-4-1
  10          // 备注: 
  11          //========================================================================
  12          void delay_ms(unsigned int ms)
  13          {
  14   1              unsigned int i,j;
  15   1              for(i=0;i<ms;i++)
  16   1                      for(j=0;j<123;j++) ;
  17   1      }
  18          
  19          
  20          void Delay15us()                //@11.0592MHz
  21          {
  22   1              _nop_(); 
  23   1              _nop_(); 
  24   1              _nop_(); 
  25   1              _nop_(); 
  26   1              _nop_(); 
  27   1              _nop_(); 
  28   1              _nop_(); 
  29   1              _nop_(); 
  30   1              _nop_(); 
  31   1              _nop_(); 
  32   1              _nop_(); 
  33   1              _nop_(); 
  34   1              _nop_(); 
  35   1              _nop_(); 
  36   1              _nop_(); 
  37   1              _nop_(); 
  38   1              _nop_();
  39   1              _nop_(); 
  40   1              _nop_(); 
  41   1              _nop_(); 
  42   1              _nop_();
  43   1              _nop_(); 
  44   1              _nop_(); 
  45   1              _nop_(); 
  46   1              _nop_(); 
  47   1              _nop_(); 
  48   1              _nop_(); 
  49   1              _nop_(); 
  50   1              _nop_(); 
  51   1              _nop_(); 
  52   1              _nop_(); 
  53   1              _nop_(); 
C51 COMPILER V9.54   DELAY                                                                 11/17/2019 13:31:48 PAGE 2   

  54   1              _nop_(); 
  55   1              _nop_(); 
  56   1              _nop_(); 
  57   1              _nop_(); 
  58   1              _nop_(); 
  59   1              _nop_(); 
  60   1              _nop_();
  61   1              _nop_(); 
  62   1              _nop_(); 
  63   1              _nop_(); 
  64   1              _nop_();
  65   1              _nop_(); 
  66   1      }
  67          
  68          
  69          
  70          void delay(unsigned int i)
  71          {
  72   1              while(i--);
  73   1      }
  74          
  75          
  76          //****************************************************
  77          //DS18B20延时函数
  78          //****************************************************
  79          void delay2us(void)   //误差 -0.010706018519us
  80          {
  81   1          unsigned char a;
  82   1          for(a=4;a>0;a--);
  83   1      }
  84           
  85          void delay5us(void)   //误差 -0.026765046296us
  86          {
  87   1          unsigned char a;
  88   1          for(a=12;a>0;a--);
  89   1          _nop_();  //if Keil,require use intrins.h
  90   1      }
  91          
  92          void delay10us(void)   //误差 -0.053530092593us
  93          {
  94   1          unsigned char a;
  95   1          for(a=26;a>0;a--);
  96   1      }
  97           
  98          void delay60us(void)   //误差 -0.049913194444us
  99          {
 100   1          unsigned char a;
 101   1          for(a=164;a>0;a--);
 102   1          _nop_();  //if Keil,require use intrins.h
 103   1      }
 104           
 105          void delay500us(void)   //误差 -0.054253472222us
 106          {
 107   1          unsigned char a,b;
 108   1          for(b=251;b>0;b--)
 109   1              for(a=4;a>0;a--);
 110   1          _nop_();  //if Keil,require use intrins.h
 111   1      }
 112          //void delay1ms(void)   //误差 0us
 113          //{
 114          //    unsigned char a,b,c;
 115          //    for(c=1;c>0;c--)
C51 COMPILER V9.54   DELAY                                                                 11/17/2019 13:31:48 PAGE 3   

 116          //        for(b=222;b>0;b--)
 117          //            for(a=12;a>0;a--);
 118          //}
 119          
 120          void delay5ms(void)   //误差 -0.000000000001us
 121          {
 122   1          unsigned char a,b;
 123   1          for(b=97;b>0;b--)
 124   1              for(a=141;a>0;a--);
 125   1      }
 126          
 127          void delay180ms(void)   //误差 -0.000000000023us
 128          {
 129   1          unsigned char a,b,c;
 130   1          for(c=115;c>0;c--)
 131   1              for(b=84;b>0;b--)
 132   1                  for(a=50;a>0;a--);
 133   1      }
 134          
 135          
 136          
 137          


MODULE INFORMATION:   STATIC OVERLAYABLE
   CODE SIZE        =    142    ----
   CONSTANT SIZE    =   ----    ----
   XDATA SIZE       =   ----    ----
   PDATA SIZE       =   ----    ----
   DATA SIZE        =   ----    ----
   IDATA SIZE       =   ----    ----
   BIT SIZE         =   ----    ----
END OF MODULE INFORMATION.


C51 COMPILATION COMPLETE.  0 WARNING(S),  0 ERROR(S)
