C51 COMPILER V9.54   LED                                                                   11/17/2019 13:31:48 PAGE 1   


C51 COMPILER V9.54, COMPILATION OF MODULE LED
OBJECT MODULE PLACED IN ..\Output\LED.obj
COMPILER INVOKED BY: D:\Keil_v5\C51\BIN\C51.EXE LED\LED.c LARGE OPTIMIZE(8,SPEED) BROWSE INCDIR(.\GSM;.\Ultrasonic;.\XY-
                    -V17B;.\DS18B20;.\uart;.\delay;.\LED;.\BH1750) DEBUG OBJECTEXTEND PRINT(..\Listing\LED.lst) OBJECT(..\Output\LED.obj)

line level    source

   1          #include "led.h"
   2          
   3          unsigned char code fseg[]       =       {0xc0,0xf9,0xa4,0xb0,0x99,0x92,0x82,0xf8,0x80,0x90};
   4          unsigned char code segbit[]     =       {0x80,0x40,0x20,0x10,0x08,0x04,0x02,0x01};
   5          unsigned char  disbuf[8]        =       {0,0,0,0,0,0,0,0};
   6          
   7           //-----------------------------------------------------------------------------
   8          //// 函数原形定义
   9          //#define uchar unsigned char
  10          
  11          //void LED4_Display(void);                      // LED显示
  12          //void LED_OUT(uchar X);                                // LED单字节串行移位函数
  13          
  14          //unsigned char code LED_0F[];          // LED字模表
  15          unsigned char LED[8];   //用于LED的8位显示缓存
  16          
  17          unsigned char code LED_0F[] = 
  18          {// 0    1        2        3    4        5        6        7    8        9        A        b    C    d    E    F    -
  19                  0xC0,0xF9,0xA4,0xB0,0x99,0x92,0x82,0xF8,0x80,0x90,0x8C,0xBF,0xC6,0xA1,0x86,0xFF,0xbf
  20          };
  21          
  22          sbit DIO        = P1^6;                         //串行数据输入
  23          sbit RCLK       = P1^5;                         //时钟脉冲信号――上升沿有效
  24          sbit SCLK       = P1^4;                         //打入信号――――上升沿有效
  25          
  26          //-----------------------------------------------------------------------------
  27          // 全局变量
  28          
  29          
  30          void LED_OUT(unsigned int X)
  31          {
  32   1              u8 i;
  33   1              for(i=8;i>=1;i--)
  34   1              {
  35   2                      if (X&0x80) 
  36   2                              DIO=1; 
  37   2                      else 
  38   2                              DIO=0;
  39   2                      X       <<=     1;
  40   2                      SCLK =  0;
  41   2                      SCLK =  1;
  42   2              }
  43   1      }
  44          
  45          
  46          void LED4_Display (void)
  47          {
  48   1              unsigned char code *led_table;          // 查表指针
  49   1              u8 i;
  50   1              //显示第1位
  51   1              led_table = LED_0F + LED[0];
  52   1              i = *led_table;
  53   1      
  54   1              LED_OUT(i);                     
C51 COMPILER V9.54   LED                                                                   11/17/2019 13:31:48 PAGE 2   

  55   1              LED_OUT(0x01);          
  56   1      
  57   1              RCLK = 0;
  58   1              RCLK = 1;
  59   1              //显示第2位
  60   1              led_table = LED_0F + LED[1];
  61   1              i = *led_table;
  62   1      
  63   1              LED_OUT(i);             
  64   1              LED_OUT(0x02);          
  65   1      
  66   1              RCLK = 0;
  67   1              RCLK = 1;
  68   1              //显示第3位
  69   1              led_table = LED_0F + LED[2];
  70   1              i = *led_table;
  71   1      
  72   1              LED_OUT(i);                     
  73   1              LED_OUT(0x04);  
  74   1      
  75   1              RCLK = 0;
  76   1              RCLK = 1;
  77   1              //显示第4位
  78   1              led_table = LED_0F + LED[3];
  79   1              i = *led_table;
  80   1      
  81   1              LED_OUT(i);                     
  82   1              LED_OUT(0x08);          
  83   1      
  84   1              RCLK = 0;
  85   1              RCLK = 1;
  86   1              //显示第5位
  87   1              led_table = LED_0F + LED[4];
  88   1              i = *led_table;
  89   1      
  90   1              LED_OUT(i);                     
  91   1              LED_OUT(0x10);  
  92   1      
  93   1              RCLK = 0;
  94   1              RCLK = 1;
  95   1              //显示第6位
  96   1              led_table = LED_0F + LED[5];
  97   1              i = *led_table;
  98   1      
  99   1              LED_OUT(i);                     
 100   1              LED_OUT(0x20);  
 101   1      
 102   1              RCLK = 0;
 103   1              RCLK = 1;
 104   1              //显示第7位
 105   1              led_table = LED_0F + LED[6];
 106   1              i = *led_table;
 107   1      
 108   1              LED_OUT(i);                     
 109   1              LED_OUT(0x40);  
 110   1      
 111   1              RCLK = 0;
 112   1              RCLK = 1;
 113   1              //显示第8位
 114   1              led_table = LED_0F + LED[7];
 115   1              i = *led_table;
 116   1      
C51 COMPILER V9.54   LED                                                                   11/17/2019 13:31:48 PAGE 3   

 117   1              LED_OUT(i);             
 118   1              LED_OUT(0x80);  
 119   1      
 120   1              RCLK = 0;
 121   1              RCLK = 1;
 122   1      }
 123          
 124          void display(unsigned char *a) 
 125          {
 126   1              unsigned char i;
 127   1              for(i=0;i<8;i++)
 128   1                      LED[i] = a[i];
 129   1              LED4_Display();
 130   1      } 
 131          


MODULE INFORMATION:   STATIC OVERLAYABLE
   CODE SIZE        =    231    ----
   CONSTANT SIZE    =     35    ----
   XDATA SIZE       =     16       3
   PDATA SIZE       =   ----    ----
   DATA SIZE        =   ----    ----
   IDATA SIZE       =   ----    ----
   BIT SIZE         =   ----    ----
END OF MODULE INFORMATION.


C51 COMPILATION COMPLETE.  0 WARNING(S),  0 ERROR(S)
