C51 COMPILER V9.54   ULTRASONIC                                                            12/29/2019 00:50:56 PAGE 1   


C51 COMPILER V9.54, COMPILATION OF MODULE ULTRASONIC
OBJECT MODULE PLACED IN ..\Output\Ultrasonic.obj
COMPILER INVOKED BY: D:\Keil_v5\C51\BIN\C51.EXE Ultrasonic\Ultrasonic.c LARGE OPTIMIZE(8,SPEED) BROWSE INCDIR(.\GSM;.\Ul
                    -trasonic;.\XY-V17B;.\DS18B20;.\uart;.\delay;.\LED;.\BH1750;.\DHT11) DEBUG OBJECTEXTEND PRINT(..\Listing\Ultrasonic.lst) 
                    -OBJECT(..\Output\Ultrasonic.obj)

line level    source

   1          #include "Ultrasonic.h"
   2          #include <stdio.h>
   3          #include "delay.h"
   4          #include "led.h"
   5          #include "uart.h"
   6          
   7          unsigned int  time=0;
   8          float         S=0;
   9          unsigned int  Dist = 0;
  10          bit           flag =0;
  11          
  12          unsigned int aaa[5];
  13          
  14          /********************************************************/
  15          void  StartModule()        //触发测量            
  16          {
  17   1              TH0 = TL0 = 0;
  18   1              TX  = 1;                                    
  19   1              Delay15us();
  20   1              TX  = 0;
  21   1      }
  22          /********************************************************/
  23          unsigned int Conut()
  24          {
  25   1              uint tempS;
  26   1              StartModule();          //测量距离
  27   1              while(!RX)
  28   1              {
  29   2                      if(flag == 1)               //超出测量
  30   2                      {
  31   3                              break;
  32   3                      }
  33   2              }                       //当RX为零时等待
  34   1              TR0 = 1;                            //开启计数
  35   1              while(RX)
  36   1              {       
  37   2                      if(flag == 1)               //超出测量
  38   2                      {
  39   3                              break;
  40   3                      }               //当RX为1计数并等待
  41   2              }
  42   1              TR0  = 0;                               //关闭计数
  43   1              time = TH0*256 + TL0;
  44   1              TH0 = 0;
  45   1              TL0 = 0;
  46   1              S = ( time * 1.87 ) / 100 ;  
  47   1              tempS = (uint)S;
  48   1              if(flag == 1)               //超出测量
  49   1              {
  50   2                      flag = 0;
  51   2              }
  52   1              
  53   1              Dist = (unsigned int )S;
C51 COMPILER V9.54   ULTRASONIC                                                            12/29/2019 00:50:56 PAGE 2   

  54   1              
  55   1              return Dist;
  56   1      }
  57          
  58          //unsigned int GetDIS(void)
  59          //{
  60          //      return Dist;
  61          //}
  62          
  63          /*******************************************************************************
  64          * 函数名 : Timer0Init
  65          * 描述   : 定时器0初始化，
  66          * 输入   : 
  67          * 输出   : 
  68          * 返回   : 
  69          * 注意   : 
  70          *******************************************************************************/
  71          void Timer0Init(void)
  72          {
  73   1              SCON=0x50;
  74   1              AUXR &= 0x7F;   //定时器时钟12T模式
  75   1              TMOD &= 0xF0;
  76   1              TMOD |= 0x01;   //设置定时器模式
  77   1              TL0 = 0;                //设置定时初值
  78   1              TH0 = 0;                //设置定时初值
  79   1              TF0 = 0;                //清除TF0标志
  80   1              TR0 = 0;                //定时器0开始计时  
  81   1              ET0 = 1;
  82   1      }
  83          void Ultrasonic_Init()
  84          {
  85   1              Timer0Init();
  86   1      }
  87          
  88          ///********************************************************/
  89          void zd0() interrupt 1           //T0中断用来计数器溢出,超过测距范围
  90          {
  91   1              flag=1;                                                  //中断溢出标志
  92   1      }


MODULE INFORMATION:   STATIC OVERLAYABLE
   CODE SIZE        =    165    ----
   CONSTANT SIZE    =   ----    ----
   XDATA SIZE       =     18       2
   PDATA SIZE       =   ----    ----
   DATA SIZE        =   ----    ----
   IDATA SIZE       =   ----    ----
   BIT SIZE         =      1    ----
END OF MODULE INFORMATION.


C51 COMPILATION COMPLETE.  0 WARNING(S),  0 ERROR(S)
